
myprogram/myprogram (debian 11.9)
=================================
Total: 17 (UNKNOWN: 0, LOW: 11, MEDIUM: 6, HIGH: 0, CRITICAL: 0)

┌───────────┬──────────────────┬──────────┬──────────┬───────────────────┬───────────────┬─────────────────────────────────────────────────────────────┐
│  Library  │  Vulnerability   │ Severity │  Status  │ Installed Version │ Fixed Version │                            Title                            │
├───────────┼──────────────────┼──────────┼──────────┼───────────────────┼───────────────┼─────────────────────────────────────────────────────────────┤
│ libc6     │ CVE-2023-4806    │ MEDIUM   │ affected │ 2.31-13+deb11u8   │               │ glibc: potential use-after-free in getaddrinfo()            │
│           │                  │          │          │                   │               │ https://avd.aquasec.com/nvd/cve-2023-4806                   │
│           ├──────────────────┤          │          │                   ├───────────────┼─────────────────────────────────────────────────────────────┤
│           │ CVE-2023-4813    │          │          │                   │               │ glibc: potential use-after-free in gaih_inet()              │
│           │                  │          │          │                   │               │ https://avd.aquasec.com/nvd/cve-2023-4813                   │
│           ├──────────────────┼──────────┤          │                   ├───────────────┼─────────────────────────────────────────────────────────────┤
│           │ CVE-2010-4756    │ LOW      │          │                   │               │ glibc: glob implementation can cause excessive CPU and      │
│           │                  │          │          │                   │               │ memory consumption due to...                                │
│           │                  │          │          │                   │               │ https://avd.aquasec.com/nvd/cve-2010-4756                   │
│           ├──────────────────┤          │          │                   ├───────────────┼─────────────────────────────────────────────────────────────┤
│           │ CVE-2018-20796   │          │          │                   │               │ glibc: uncontrolled recursion in function                   │
│           │                  │          │          │                   │               │ check_dst_limits_calc_pos_1 in posix/regexec.c              │
│           │                  │          │          │                   │               │ https://avd.aquasec.com/nvd/cve-2018-20796                  │
│           ├──────────────────┤          │          │                   ├───────────────┼─────────────────────────────────────────────────────────────┤
│           │ CVE-2019-1010022 │          │          │                   │               │ glibc: stack guard protection bypass                        │
│           │                  │          │          │                   │               │ https://avd.aquasec.com/nvd/cve-2019-1010022                │
│           ├──────────────────┤          │          │                   ├───────────────┼─────────────────────────────────────────────────────────────┤
│           │ CVE-2019-1010023 │          │          │                   │               │ glibc: running ldd on malicious ELF leads to code execution │
│           │                  │          │          │                   │               │ because of...                                               │
│           │                  │          │          │                   │               │ https://avd.aquasec.com/nvd/cve-2019-1010023                │
│           ├──────────────────┤          │          │                   ├───────────────┼─────────────────────────────────────────────────────────────┤
│           │ CVE-2019-1010024 │          │          │                   │               │ glibc: ASLR bypass using cache of thread stack and heap     │
│           │                  │          │          │                   │               │ https://avd.aquasec.com/nvd/cve-2019-1010024                │
│           ├──────────────────┤          │          │                   ├───────────────┼─────────────────────────────────────────────────────────────┤
│           │ CVE-2019-1010025 │          │          │                   │               │ glibc: information disclosure of heap addresses of          │
│           │                  │          │          │                   │               │ pthread_created thread                                      │
│           │                  │          │          │                   │               │ https://avd.aquasec.com/nvd/cve-2019-1010025                │
│           ├──────────────────┤          │          │                   ├───────────────┼─────────────────────────────────────────────────────────────┤
│           │ CVE-2019-9192    │          │          │                   │               │ glibc: uncontrolled recursion in function                   │
│           │                  │          │          │                   │               │ check_dst_limits_calc_pos_1 in posix/regexec.c              │
│           │                  │          │          │                   │               │ https://avd.aquasec.com/nvd/cve-2019-9192                   │
├───────────┼──────────────────┼──────────┤          ├───────────────────┼───────────────┼─────────────────────────────────────────────────────────────┤
│ libssl1.1 │ CVE-2023-5678    │ MEDIUM   │          │ 1.1.1w-0+deb11u1  │               │ openssl: Generating excessively long X9.42 DH keys or       │
│           │                  │          │          │                   │               │ checking excessively long X9.42...                          │
│           │                  │          │          │                   │               │ https://avd.aquasec.com/nvd/cve-2023-5678                   │
│           ├──────────────────┤          │          │                   ├───────────────┼─────────────────────────────────────────────────────────────┤
│           │ CVE-2024-0727    │          │          │                   │               │ openssl: denial of service via null dereference             │
│           │                  │          │          │                   │               │ https://avd.aquasec.com/nvd/cve-2024-0727                   │
│           ├──────────────────┼──────────┤          │                   ├───────────────┼─────────────────────────────────────────────────────────────┤
│           │ CVE-2007-6755    │ LOW      │          │                   │               │ Dual_EC_DRBG: weak pseudo random number generator           │
│           │                  │          │          │                   │               │ https://avd.aquasec.com/nvd/cve-2007-6755                   │
│           ├──────────────────┤          │          │                   ├───────────────┼─────────────────────────────────────────────────────────────┤
│           │ CVE-2010-0928    │          │          │                   │               │ openssl: RSA authentication weakness                        │
│           │                  │          │          │                   │               │ https://avd.aquasec.com/nvd/cve-2010-0928                   │
├───────────┼──────────────────┼──────────┤          │                   ├───────────────┼─────────────────────────────────────────────────────────────┤
│ openssl   │ CVE-2023-5678    │ MEDIUM   │          │                   │               │ openssl: Generating excessively long X9.42 DH keys or       │
│           │                  │          │          │                   │               │ checking excessively long X9.42...                          │
│           │                  │          │          │                   │               │ https://avd.aquasec.com/nvd/cve-2023-5678                   │
│           ├──────────────────┤          │          │                   ├───────────────┼─────────────────────────────────────────────────────────────┤
│           │ CVE-2024-0727    │          │          │                   │               │ openssl: denial of service via null dereference             │
│           │                  │          │          │                   │               │ https://avd.aquasec.com/nvd/cve-2024-0727                   │
│           ├──────────────────┼──────────┤          │                   ├───────────────┼─────────────────────────────────────────────────────────────┤
│           │ CVE-2007-6755    │ LOW      │          │                   │               │ Dual_EC_DRBG: weak pseudo random number generator           │
│           │                  │          │          │                   │               │ https://avd.aquasec.com/nvd/cve-2007-6755                   │
│           ├──────────────────┤          │          │                   ├───────────────┼─────────────────────────────────────────────────────────────┤
│           │ CVE-2010-0928    │          │          │                   │               │ openssl: RSA authentication weakness                        │
│           │                  │          │          │                   │               │ https://avd.aquasec.com/nvd/cve-2010-0928                   │
└───────────┴──────────────────┴──────────┴──────────┴───────────────────┴───────────────┴─────────────────────────────────────────────────────────────┘
